<?xml version="1.0" encoding="UTF-8"?>
<!-- Generated by org.testng.reporters.JUnitXMLReporter -->
<testsuite hostname="Vova-PC" name="Test3" tests="4" failures="0" timestamp="8 Jul 2015 12:02:11 GMT" time="76.878" errors="0">
  <testcase name="testCreateNewCategories" time="6.621" classname="com.crmtronic.tests.CategoriesTest"/>
  <testcase name="testVerifiFieldSearchCategories" time="3.321" classname="com.crmtronic.tests.CategoriesTest"/>
  <testcase name="testVerifiButtonVisibitiClose" time="5.262" classname="com.crmtronic.tests.CategoriesTest"/>
  <testcase name="testVerifiDocumentCategory" time="3.733" classname="com.crmtronic.tests.CategoriesTest"/>
</testsuite> <!-- Test3 -->
