<?xml version="1.0" encoding="UTF-8"?>
<testng-results skipped="0" failed="0" total="1" passed="1">
  <reporter-output>
  </reporter-output>
  <suite name="Default suite" duration-ms="70868" started-at="2015-07-08T14:20:23Z" finished-at="2015-07-08T14:21:34Z">
    <groups>
    </groups>
    <test name="Default test" duration-ms="70868" started-at="2015-07-08T14:20:23Z" finished-at="2015-07-08T14:21:34Z">
      <class name="com.crmtronic.tests.CategoriesTest">
        <test-method status="PASS" signature="initTestSuite()[pri:0, instance:com.crmtronic.tests.CategoriesTest@45c8e616]" name="initTestSuite" is-config="true" duration-ms="50" started-at="2015-07-08T17:20:23Z" finished-at="2015-07-08T17:20:23Z">
          <reporter-output>
          </reporter-output>
        </test-method> <!-- initTestSuite -->
        <test-method status="PASS" signature="initWebDriver()[pri:0, instance:com.crmtronic.tests.CategoriesTest@45c8e616]" name="initWebDriver" is-config="true" duration-ms="5493" started-at="2015-07-08T17:20:23Z" finished-at="2015-07-08T17:20:29Z">
          <reporter-output>
          </reporter-output>
        </test-method> <!-- initWebDriver -->
        <test-method status="PASS" signature="initPageObjects()[pri:0, instance:com.crmtronic.tests.CategoriesTest@45c8e616]" name="initPageObjects" is-config="true" duration-ms="23369" started-at="2015-07-08T17:20:29Z" finished-at="2015-07-08T17:20:52Z">
          <reporter-output>
          </reporter-output>
        </test-method> <!-- initPageObjects -->
        <test-method status="PASS" signature="startMethod()[pri:0, instance:com.crmtronic.tests.CategoriesTest@45c8e616]" name="startMethod" is-config="true" duration-ms="6237" started-at="2015-07-08T17:20:52Z" finished-at="2015-07-08T17:20:58Z">
          <reporter-output>
          </reporter-output>
        </test-method> <!-- startMethod -->
        <test-method status="PASS" signature="setUp()[pri:0, instance:com.crmtronic.tests.CategoriesTest@45c8e616]" name="setUp" is-config="true" duration-ms="3352" started-at="2015-07-08T17:20:58Z" finished-at="2015-07-08T17:21:02Z">
          <reporter-output>
          </reporter-output>
        </test-method> <!-- setUp -->
        <test-method status="PASS" signature="testAddGroupStatusCategory()[pri:0, instance:com.crmtronic.tests.CategoriesTest@45c8e616]" name="testAddGroupStatusCategory" duration-ms="25386" started-at="2015-07-08T17:21:02Z" finished-at="2015-07-08T17:21:27Z">
          <reporter-output>
          </reporter-output>
        </test-method> <!-- testAddGroupStatusCategory -->
        <test-method status="PASS" signature="endMethod()[pri:0, instance:com.crmtronic.tests.CategoriesTest@45c8e616]" name="endMethod" is-config="true" duration-ms="7015" started-at="2015-07-08T17:21:27Z" finished-at="2015-07-08T17:21:34Z">
          <reporter-output>
          </reporter-output>
        </test-method> <!-- endMethod -->
        <test-method status="PASS" signature="tearDown()[pri:0, instance:com.crmtronic.tests.CategoriesTest@45c8e616]" name="tearDown" is-config="true" duration-ms="3217" started-at="2015-07-08T17:21:34Z" finished-at="2015-07-08T17:21:38Z">
          <reporter-output>
          </reporter-output>
        </test-method> <!-- tearDown -->
      </class> <!-- com.crmtronic.tests.CategoriesTest -->
    </test> <!-- Default test -->
  </suite> <!-- Default suite -->
</testng-results>
